lolin/build/outputs/apk/manifest-merger-release-report.txt
-- Merging decision tree log ---
manifest
ADDED from AndroidManifest.xml:2:1
	xmlns:android
		ADDED from AndroidManifest.xml:2:11
	package
		ADDED from AndroidManifest.xml:3:5
	android:versionName
		ADDED from AndroidManifest.xml:5:5
	android:versionCode
		ADDED from AndroidManifest.xml:4:5
		INJECTED from AndroidManifest.xml:0:0
		INJECTED from AndroidManifest.xml:0:0
uses-sdk
ADDED from AndroidManifest.xml:7:5
MERGED from LOLIN:facebook:unspecified:20:5
MERGED from LOLIN:appcompat_v7:unspecified:20:5
MERGED from LOLIN:library:unspecified:7:5
	android:targetSdkVersion
		ADDED from AndroidManifest.xml:9:9
	android:minSdkVersion
		ADDED from AndroidManifest.xml:8:9
uses-permission#android.permission.INTERNET
ADDED from AndroidManifest.xml:11:5
	android:name
		ADDED from AndroidManifest.xml:11:22
uses-permission#android.permission.WRITE_EXTERNAL_STORAGE
ADDED from AndroidManifest.xml:12:5
	android:name
		ADDED from AndroidManifest.xml:12:22
uses-permission#android.permission.GET_ACCOUNTS
ADDED from AndroidManifest.xml:13:5
	android:name
		ADDED from AndroidManifest.xml:13:22
uses-permission#android.permission.WAKE_LOCK
ADDED from AndroidManifest.xml:14:5
	android:name
		ADDED from AndroidManifest.xml:14:22
uses-permission#android.permission.VIBRATE
ADDED from AndroidManifest.xml:15:5
	android:name
		ADDED from AndroidManifest.xml:15:22
uses-permission#com.google.android.c2dm.permission.RECEIVE
ADDED from AndroidManifest.xml:16:5
	android:name
		ADDED from AndroidManifest.xml:16:22
uses-permission#com.iris.lolin.permission.C2D_MESSAGE
ADDED from AndroidManifest.xml:17:5
	android:name
		ADDED from AndroidManifest.xml:17:22
uses-permission#android.permission.ACCESS_NETWORK_STATE
ADDED from AndroidManifest.xml:18:5
	android:name
		ADDED from AndroidManifest.xml:18:22
permission#com.iris.lolin.permission.C2D_MESSAGE
ADDED from AndroidManifest.xml:21:5
	android:protectionLevel
		ADDED from AndroidManifest.xml:23:9
	android:name
		ADDED from AndroidManifest.xml:22:9
application
ADDED from AndroidManifest.xml:25:5
MERGED from LOLIN:facebook:unspecified:22:5
MERGED from LOLIN:appcompat_v7:unspecified:22:5
MERGED from LOLIN:library:unspecified:9:5
	android:label
		ADDED from AndroidManifest.xml:29:9
	android:allowBackup
		ADDED from AndroidManifest.xml:27:9
	android:icon
		ADDED from AndroidManifest.xml:28:9
	android:theme
		ADDED from AndroidManifest.xml:30:9
	android:name
		ADDED from AndroidManifest.xml:26:9
activity#com.iris.lolin.MainActivity
ADDED from AndroidManifest.xml:31:9
	android:label
		ADDED from AndroidManifest.xml:33:13
	android:name
		ADDED from AndroidManifest.xml:32:13
activity#com.iris.lolin.ComposerActivity
ADDED from AndroidManifest.xml:35:9
	android:name
		ADDED from AndroidManifest.xml:35:19
activity#com.iris.lolin.BoardDetailActivity
ADDED from AndroidManifest.xml:37:9
	android:windowSoftInputMode
		ADDED from AndroidManifest.xml:39:13
	android:name
		ADDED from AndroidManifest.xml:38:13
activity#com.iris.lolin.IntroActivity
ADDED from AndroidManifest.xml:41:9
	android:theme
		ADDED from AndroidManifest.xml:43:13
	android:name
		ADDED from AndroidManifest.xml:42:13
intent-filter#android.intent.action.MAIN+android.intent.category.LAUNCHER
ADDED from AndroidManifest.xml:44:13
action#android.intent.action.MAIN
ADDED from AndroidManifest.xml:45:17
	android:name
		ADDED from AndroidManifest.xml:45:25
category#android.intent.category.LAUNCHER
ADDED from AndroidManifest.xml:47:17
	android:name
		ADDED from AndroidManifest.xml:47:27
activity#com.iris.lolin.FaceBookLoginActivity
ADDED from AndroidManifest.xml:50:9
	android:theme
		ADDED from AndroidManifest.xml:52:13
	android:name
		ADDED from AndroidManifest.xml:51:13
activity#com.facebook.LoginActivity
ADDED from AndroidManifest.xml:54:9
	android:theme
		ADDED from AndroidManifest.xml:56:13
	android:name
		ADDED from AndroidManifest.xml:55:13
activity#com.iris.lolin.PushActivity
ADDED from AndroidManifest.xml:58:9
	android:theme
		ADDED from AndroidManifest.xml:60:13
	android:name
		ADDED from AndroidManifest.xml:59:13
meta-data#com.google.android.gms.version
ADDED from AndroidManifest.xml:63:9
	android:name
		ADDED from AndroidManifest.xml:64:13
	android:value
		ADDED from AndroidManifest.xml:65:13
meta-data#com.facebook.sdk.ApplicationId
ADDED from AndroidManifest.xml:66:9
	android:name
		ADDED from AndroidManifest.xml:67:13
	android:value
		ADDED from AndroidManifest.xml:68:13
receiver#com.iris.lolin.GcmBroadcastReceiver
ADDED from AndroidManifest.xml:70:9
	android:permission
		ADDED from AndroidManifest.xml:72:13
	android:name
		ADDED from AndroidManifest.xml:71:13
intent-filter#com.google.android.c2dm.intent.RECEIVE+com.google.android.c2dm.intent.REGISTRATION+com.iris.lolin
ADDED from AndroidManifest.xml:73:13
action#com.google.android.c2dm.intent.RECEIVE
ADDED from AndroidManifest.xml:76:17
	android:name
		ADDED from AndroidManifest.xml:76:25
action#com.google.android.c2dm.intent.REGISTRATION
ADDED from AndroidManifest.xml:78:17
	android:name
		ADDED from AndroidManifest.xml:78:25
category#com.iris.lolin
ADDED from AndroidManifest.xml:80:17
	android:name
		ADDED from AndroidManifest.xml:80:27
service#com.iris.lolin.GcmIntentService
ADDED from AndroidManifest.xml:85:9
	android:name
		ADDED from AndroidManifest.xml:85:18